<?xml version="1.0" encoding="UTF-8"?>
<!-- Generated by org.testng.reporters.JUnitReportReporter -->
<testsuite skipped="0" hostname="DESKTOP-VLI5FT5" name="UseCases.TestSuite1" tests="4" failures="0" timestamp="2020-11-20T02:33:00 IST" time="69.606" errors="0">
  <testcase name="SignUp" time="17.110" classname="UseCases.TestSuite1"/>
  <system-out/>
  <testcase name="LogIn" time="12.556" classname="UseCases.TestSuite1"/>
  <system-out/>
  <testcase name="CreateOrder" time="28.825" classname="UseCases.TestSuite1"/>
  <system-out/>
  <testcase name="AcceptOrder" time="11.115" classname="UseCases.TestSuite1"/>
  <system-out/>
</testsuite> <!-- UseCases.TestSuite1 -->
